<?xml version="1.0" encoding="UTF-8"?>
<testng-results ignored="0" total="1" passed="1" failed="0" skipped="0">
  <reporter-output>
  </reporter-output>
  <suite started-at="2024-03-23T12:43:45 IST" name="Default suite" finished-at="2024-03-23T12:43:45 IST" duration-ms="356">
    <groups>
    </groups>
    <test started-at="2024-03-23T12:43:45 IST" name="Default test" finished-at="2024-03-23T12:43:45 IST" duration-ms="356">
      <class name="StreamIntegerSorting">
        <test-method signature="streamCollect()[pri:0, instance:StreamIntegerSorting@222545dc]" started-at="2024-03-23T12:43:45 IST" name="streamCollect" finished-at="2024-03-23T12:43:45 IST" duration-ms="266" status="PASS">
          <reporter-output>
          </reporter-output>
        </test-method> <!-- streamCollect -->
      </class> <!-- StreamIntegerSorting -->
    </test> <!-- Default test -->
  </suite> <!-- Default suite -->
</testng-results>
